# JRE version: OpenJDK Runtime Environment Temurin-21.0.3+9 (21.0.3+9) (build 21.0.3+9-LTS)
# Java VM: OpenJDK 64-Bit Server VM Temurin-21.0.3+9 (21.0.3+9-LTS, mixed mode, tiered, compressed oops, compressed class ptrs, g1 gc, windows-amd64)
GC Precious Log:
 CardTable entry size: 512
 Card Set container configuration: InlinePtr #cards 4 size 8 Array Of Cards #cards 32 size 80 Howl #buckets 8 coarsen threshold 7372 Howl Bitmap #cards 1024 size 144 coarsen threshold 921 Card regions per heap region 1 cards per card region 8192
 CPUs: 16 total, 16 available
 Memory: 32081M
 Large Page Support: Disabled
 NUMA Support: Disabled
 Compressed Oops: Enabled (Zero based)
 Heap Region Size: 4M
 Heap Min Capacity: 8M
 Heap Initial Capacity: 504M
 Heap Max Capacity: 8024M
 Pre-touch: Disabled
 Parallel Workers: 13
 Concurrent Workers: 3
 Concurrent Refinement Workers: 13
 Periodic GC: Disabled
Heap:
 garbage-first heap   total 81920K, used 38788K [0x000000060a800000, 0x0000000800000000)
  region size 4096K, 2 young (8192K), 2 survivors (8192K)
 Metaspace       used 66103K, committed 67136K, reserved 1114112K
  class space    used 7417K, committed 7872K, reserved 1048576K
GC Heap History (19 events):
Event: 5.770 GC heap before
{Heap before GC invocations=0 (full 0):
 garbage-first heap   total 516096K, used 36864K [0x000000060a800000, 0x0000000800000000)
  region size 4096K, 6 young (24576K), 0 survivors (0K)
 Metaspace       used 17884K, committed 18112K, reserved 1114112K
  class space    used 1759K, committed 1856K, reserved 1048576K
}
Event: 5.776 GC heap after
{Heap after GC invocations=1 (full 0):
 garbage-first heap   total 516096K, used 12322K [0x000000060a800000, 0x0000000800000000)
  region size 4096K, 1 young (4096K), 1 survivors (4096K)
 Metaspace       used 17884K, committed 18112K, reserved 1114112K
  class space    used 1759K, committed 1856K, reserved 1048576K
}
Event: 6.118 GC heap before
{Heap before GC invocations=1 (full 0):
 garbage-first heap   total 516096K, used 16418K [0x000000060a800000, 0x0000000800000000)
  region size 4096K, 3 young (12288K), 1 survivors (4096K)
 Metaspace       used 21271K, committed 21504K, reserved 1114112K
  class space    used 2137K, committed 2240K, reserved 1048576K
}
Event: 6.122 GC heap after
{Heap after GC invocations=2 (full 0):
 garbage-first heap   total 516096K, used 13139K [0x000000060a800000, 0x0000000800000000)
  region size 4096K, 2 young (8192K), 2 survivors (8192K)
 Metaspace       used 21271K, committed 21504K, reserved 1114112K
  class space    used 2137K, committed 2240K, reserved 1048576K
}
Event: 8.622 GC heap before
{Heap before GC invocations=3 (full 0):
 garbage-first heap   total 81920K, used 54099K [0x000000060a800000, 0x0000000800000000)
  region size 4096K, 13 young (53248K), 2 survivors (8192K)
 Metaspace       used 35598K, committed 35968K, reserved 1114112K
  class space    used 3744K, committed 3904K, reserved 1048576K
}
Event: 8.637 GC heap after
{Heap after GC invocations=4 (full 0):
 garbage-first heap   total 81920K, used 22268K [0x000000060a800000, 0x0000000800000000)
  region size 4096K, 4 young (16384K), 4 survivors (16384K)
 Metaspace       used 35598K, committed 35968K, reserved 1114112K
  class space    used 3744K, committed 3904K, reserved 1048576K
}
Event: 8.664 GC heap before
{Heap before GC invocations=4 (full 0):
 garbage-first heap   total 81920K, used 22268K [0x000000060a800000, 0x0000000800000000)
  region size 4096K, 5 young (20480K), 4 survivors (16384K)
 Metaspace       used 35963K, committed 36288K, reserved 1114112K
  class space    used 3789K, committed 3968K, reserved 1048576K
}
Event: 8.674 GC heap after
{Heap after GC invocations=5 (full 0):
 garbage-first heap   total 81920K, used 23621K [0x000000060a800000, 0x0000000800000000)
  region size 4096K, 1 young (4096K), 1 survivors (4096K)
 Metaspace       used 35963K, committed 36288K, reserved 1114112K
  class space    used 3789K, committed 3968K, reserved 1048576K
}
Event: 8.722 GC heap before
{Heap before GC invocations=5 (full 0):
 garbage-first heap   total 81920K, used 23621K [0x000000060a800000, 0x0000000800000000)
  region size 4096K, 2 young (8192K), 1 survivors (4096K)
 Metaspace       used 36223K, committed 36608K, reserved 1114112K
  class space    used 3821K, committed 4032K, reserved 1048576K
}
Event: 8.726 GC heap after
{Heap after GC invocations=6 (full 0):
 garbage-first heap   total 81920K, used 22312K [0x000000060a800000, 0x0000000800000000)
  region size 4096K, 1 young (4096K), 1 survivors (4096K)
 Metaspace       used 36223K, committed 36608K, reserved 1114112K
  class space    used 3821K, committed 4032K, reserved 1048576K
}
Event: 10.745 GC heap before
{Heap before GC invocations=7 (full 0):
 garbage-first heap   total 81920K, used 55080K [0x000000060a800000, 0x0000000800000000)
  region size 4096K, 10 young (40960K), 1 survivors (4096K)
 Metaspace       used 45652K, committed 46272K, reserved 1114112K
  class space    used 4771K, committed 5056K, reserved 1048576K
}
Event: 10.749 GC heap after
{Heap after GC invocations=8 (full 0):
 garbage-first heap   total 81920K, used 25421K [0x000000060a800000, 0x0000000800000000)
  region size 4096K, 1 young (4096K), 1 survivors (4096K)
 Metaspace       used 45652K, committed 46272K, reserved 1114112K
  class space    used 4771K, committed 5056K, reserved 1048576K
}
Event: 13.491 GC heap before
{Heap before GC invocations=8 (full 0):
 garbage-first heap   total 81920K, used 62285K [0x000000060a800000, 0x0000000800000000)
  region size 4096K, 10 young (40960K), 1 survivors (4096K)
 Metaspace       used 54262K, committed 55040K, reserved 1114112K
  class space    used 5861K, committed 6208K, reserved 1048576K
}
Event: 13.495 GC heap after
{Heap after GC invocations=9 (full 0):
 garbage-first heap   total 81920K, used 30206K [0x000000060a800000, 0x0000000800000000)
  region size 4096K, 2 young (8192K), 2 survivors (8192K)
 Metaspace       used 54262K, committed 55040K, reserved 1114112K
  class space    used 5861K, committed 6208K, reserved 1048576K
}
Event: 26.978 GC heap before
{Heap before GC invocations=9 (full 0):
 garbage-first heap   total 81920K, used 62974K [0x000000060a800000, 0x0000000800000000)
  region size 4096K, 10 young (40960K), 2 survivors (8192K)
 Metaspace       used 58284K, committed 59264K, reserved 1114112K
  class space    used 6487K, committed 6912K, reserved 1048576K
}
Event: 26.985 GC heap after
{Heap after GC invocations=10 (full 0):
 garbage-first heap   total 81920K, used 34220K [0x000000060a800000, 0x0000000800000000)
  region size 4096K, 1 young (4096K), 1 survivors (4096K)
 Metaspace       used 58284K, committed 59264K, reserved 1114112K
  class space    used 6487K, committed 6912K, reserved 1048576K
}
Event: 27.854 GC heap before
{Heap before GC invocations=10 (full 0):
 garbage-first heap   total 81920K, used 38316K [0x000000060a800000, 0x0000000800000000)
  region size 4096K, 4 young (16384K), 1 survivors (4096K)
 Metaspace       used 60287K, committed 61248K, reserved 1114112K
  class space    used 6770K, committed 7232K, reserved 1048576K
}
Event: 27.859 GC heap after
{Heap after GC invocations=11 (full 0):
 garbage-first heap   total 81920K, used 36188K [0x000000060a800000, 0x0000000800000000)
  region size 4096K, 2 young (8192K), 2 survivors (8192K)
 Metaspace       used 60287K, committed 61248K, reserved 1114112K
  class space    used 6770K, committed 7232K, reserved 1048576K
}
Event: 29.238 GC heap before
{Heap before GC invocations=12 (full 0):
 garbage-first heap   total 81920K, used 48476K [0x000000060a800000, 0x0000000800000000)
  region size 4096K, 7 young (28672K), 2 survivors (8192K)
 Metaspace       used 66103K, committed 67136K, reserved 1114112K
  class space    used 7417K, committed 7872K, reserved 1048576K
}

