# JRE version: OpenJDK Runtime Environment Temurin-21.0.3+9 (21.0.3+9) (build 21.0.3+9-LTS)
# Java VM: OpenJDK 64-Bit Server VM Temurin-21.0.3+9 (21.0.3+9-LTS, mixed mode, tiered, compressed oops, compressed class ptrs, g1 gc, windows-amd64)
GC Precious Log:
 CardTable entry size: 512
 Card Set container configuration: InlinePtr #cards 4 size 8 Array Of Cards #cards 32 size 80 Howl #buckets 8 coarsen threshold 7372 Howl Bitmap #cards 1024 size 144 coarsen threshold 921 Card regions per heap region 1 cards per card region 8192
 CPUs: 16 total, 16 available
 Memory: 32081M
 Large Page Support: Disabled
 NUMA Support: Disabled
 Compressed Oops: Enabled (Zero based)
 Heap Region Size: 4M
 Heap Min Capacity: 8M
 Heap Initial Capacity: 504M
 Heap Max Capacity: 8024M
 Pre-touch: Disabled
 Parallel Workers: 13
 Concurrent Workers: 3
 Concurrent Refinement Workers: 13
 Periodic GC: Disabled
Heap:
 garbage-first heap   total 487424K, used 371215K [0x000000060a800000, 0x0000000800000000)
  region size 4096K, 33 young (135168K), 4 survivors (16384K)
 Metaspace       used 112929K, committed 114432K, reserved 1179648K
  class space    used 12344K, committed 12992K, reserved 1048576K
GC Heap History (20 events):
Event: 702.945 GC heap before
{Heap before GC invocations=80 (full 0):
 garbage-first heap   total 471040K, used 424096K [0x000000060a800000, 0x0000000800000000)
  region size 4096K, 47 young (192512K), 3 survivors (12288K)
 Metaspace       used 107082K, committed 108416K, reserved 1179648K
  class space    used 11697K, committed 12288K, reserved 1048576K
}
Event: 702.958 GC heap after
{Heap after GC invocations=81 (full 0):
 garbage-first heap   total 471040K, used 244773K [0x000000060a800000, 0x0000000800000000)
  region size 4096K, 3 young (12288K), 3 survivors (12288K)
 Metaspace       used 107082K, committed 108416K, reserved 1179648K
  class space    used 11697K, committed 12288K, reserved 1048576K
}
Event: 752.687 GC heap before
{Heap before GC invocations=81 (full 0):
 garbage-first heap   total 471040K, used 424997K [0x000000060a800000, 0x0000000800000000)
  region size 4096K, 47 young (192512K), 3 survivors (12288K)
 Metaspace       used 107173K, committed 108480K, reserved 1179648K
  class space    used 11698K, committed 12288K, reserved 1048576K
}
Event: 752.697 GC heap after
{Heap after GC invocations=82 (full 0):
 garbage-first heap   total 471040K, used 245309K [0x000000060a800000, 0x0000000800000000)
  region size 4096K, 3 young (12288K), 3 survivors (12288K)
 Metaspace       used 107173K, committed 108480K, reserved 1179648K
  class space    used 11698K, committed 12288K, reserved 1048576K
}
Event: 820.568 GC heap before
{Heap before GC invocations=83 (full 0):
 garbage-first heap   total 487424K, used 425533K [0x000000060a800000, 0x0000000800000000)
  region size 4096K, 47 young (192512K), 3 survivors (12288K)
 Metaspace       used 107964K, committed 109376K, reserved 1179648K
  class space    used 11760K, committed 12352K, reserved 1048576K
}
Event: 820.577 GC heap after
{Heap after GC invocations=84 (full 0):
 garbage-first heap   total 487424K, used 246150K [0x000000060a800000, 0x0000000800000000)
  region size 4096K, 3 young (12288K), 3 survivors (12288K)
 Metaspace       used 107964K, committed 109376K, reserved 1179648K
  class space    used 11760K, committed 12352K, reserved 1048576K
}
Event: 820.987 GC heap before
{Heap before GC invocations=84 (full 0):
 garbage-first heap   total 487424K, used 438662K [0x000000060a800000, 0x0000000800000000)
  region size 4096K, 51 young (208896K), 3 survivors (12288K)
 Metaspace       used 109016K, committed 110400K, reserved 1179648K
  class space    used 11887K, committed 12480K, reserved 1048576K
}
Event: 821.001 GC heap after
{Heap after GC invocations=85 (full 0):
 garbage-first heap   total 487424K, used 246562K [0x000000060a800000, 0x0000000800000000)
  region size 4096K, 4 young (16384K), 4 survivors (16384K)
 Metaspace       used 109016K, committed 110400K, reserved 1179648K
  class space    used 11887K, committed 12480K, reserved 1048576K
}
Event: 822.424 GC heap before
{Heap before GC invocations=85 (full 0):
 garbage-first heap   total 487424K, used 439074K [0x000000060a800000, 0x0000000800000000)
  region size 4096K, 51 young (208896K), 4 survivors (16384K)
 Metaspace       used 112567K, committed 113984K, reserved 1179648K
  class space    used 12318K, committed 12928K, reserved 1048576K
}
Event: 822.434 GC heap after
{Heap after GC invocations=86 (full 0):
 garbage-first heap   total 487424K, used 248840K [0x000000060a800000, 0x0000000800000000)
  region size 4096K, 4 young (16384K), 4 survivors (16384K)
 Metaspace       used 112567K, committed 113984K, reserved 1179648K
  class space    used 12318K, committed 12928K, reserved 1048576K
}
Event: 823.712 GC heap before
{Heap before GC invocations=87 (full 0):
 garbage-first heap   total 487424K, used 437256K [0x000000060a800000, 0x0000000800000000)
  region size 4096K, 50 young (204800K), 4 survivors (16384K)
 Metaspace       used 112932K, committed 114432K, reserved 1179648K
  class space    used 12343K, committed 12992K, reserved 1048576K
}
Event: 823.721 GC heap after
{Heap after GC invocations=88 (full 0):
 garbage-first heap   total 487424K, used 249665K [0x000000060a800000, 0x0000000800000000)
  region size 4096K, 4 young (16384K), 4 survivors (16384K)
 Metaspace       used 112932K, committed 114432K, reserved 1179648K
  class space    used 12343K, committed 12992K, reserved 1048576K
}
Event: 824.288 GC heap before
{Heap before GC invocations=88 (full 0):
 garbage-first heap   total 487424K, used 438081K [0x000000060a800000, 0x0000000800000000)
  region size 4096K, 50 young (204800K), 4 survivors (16384K)
 Metaspace       used 112932K, committed 114432K, reserved 1179648K
  class space    used 12343K, committed 12992K, reserved 1048576K
}
Event: 824.296 GC heap after
{Heap after GC invocations=89 (full 0):
 garbage-first heap   total 487424K, used 249591K [0x000000060a800000, 0x0000000800000000)
  region size 4096K, 3 young (12288K), 3 survivors (12288K)
 Metaspace       used 112932K, committed 114432K, reserved 1179648K
  class space    used 12343K, committed 12992K, reserved 1048576K
}
Event: 824.830 GC heap before
{Heap before GC invocations=89 (full 0):
 garbage-first heap   total 487424K, used 446199K [0x000000060a800000, 0x0000000800000000)
  region size 4096K, 51 young (208896K), 3 survivors (12288K)
 Metaspace       used 112943K, committed 114432K, reserved 1179648K
  class space    used 12343K, committed 12992K, reserved 1048576K
}
Event: 824.838 GC heap after
{Heap after GC invocations=90 (full 0):
 garbage-first heap   total 487424K, used 250024K [0x000000060a800000, 0x0000000800000000)
  region size 4096K, 3 young (12288K), 3 survivors (12288K)
 Metaspace       used 112943K, committed 114432K, reserved 1179648K
  class space    used 12343K, committed 12992K, reserved 1048576K
}
Event: 825.553 GC heap before
{Heap before GC invocations=91 (full 0):
 garbage-first heap   total 487424K, used 442536K [0x000000060a800000, 0x0000000800000000)
  region size 4096K, 50 young (204800K), 3 survivors (12288K)
 Metaspace       used 112882K, committed 114432K, reserved 1179648K
  class space    used 12338K, committed 12992K, reserved 1048576K
}
Event: 825.560 GC heap after
{Heap after GC invocations=92 (full 0):
 garbage-first heap   total 487424K, used 255809K [0x000000060a800000, 0x0000000800000000)
  region size 4096K, 5 young (20480K), 5 survivors (20480K)
 Metaspace       used 112882K, committed 114432K, reserved 1179648K
  class space    used 12338K, committed 12992K, reserved 1048576K
}
Event: 829.186 GC heap before
{Heap before GC invocations=92 (full 0):
 garbage-first heap   total 487424K, used 431937K [0x000000060a800000, 0x0000000800000000)
  region size 4096K, 48 young (196608K), 5 survivors (20480K)
 Metaspace       used 112921K, committed 114432K, reserved 1179648K
  class space    used 12344K, committed 12992K, reserved 1048576K
}
Event: 829.194 GC heap after
{Heap after GC invocations=93 (full 0):
 garbage-first heap   total 487424K, used 256527K [0x000000060a800000, 0x0000000800000000)
  region size 4096K, 4 young (16384K), 4 survivors (16384K)
 Metaspace       used 112921K, committed 114432K, reserved 1179648K
  class space    used 12344K, committed 12992K, reserved 1048576K
}

